<?xml version="1.0" encoding="UTF-8"?>
<TestRun id="4b6aba84-eea9-486c-a088-912e16c88717" name="Juan@CARMEN-PC 2014-11-14 23:49:42" runUser="Carmen-PC\Juan" xmlns="http://microsoft.com/schemas/VisualStudio/TeamTest/2010">
  <TestSettings name="Local" id="6cc9f80f-8da3-4d6e-8519-ba94529b53ec">
    <Description>These are default test settings for a local test run.</Description>
    <Deployment enabled="false" runDeploymentRoot="Juan_CARMEN-PC 2014-11-14 23_49_42">
      <DeploymentItem filename="C:\Users\Juan\Documents\Visual Studio 2010\Projects\topCoderPracticeMarketing\topCoderPracticeMaketing\topCoderPracticeMarketing\bin\Debug\topCoderPracticeMarketing.exe" />
    </Deployment>
    <Execution>
      <TestTypeSpecific />
      <AgentRule name="Execution Agents">
      </AgentRule>
    </Execution>
  </TestSettings>
  <Times creation="2014-11-14T23:49:42.6314229-05:00" queuing="2014-11-14T23:49:42.6544242-05:00" start="2014-11-14T23:49:42.6664249-05:00" finish="2014-11-14T23:49:43.3634647-05:00" />
  <ResultSummary outcome="Failed">
    <Counters total="1" executed="1" error="0" failed="1" timeout="0" aborted="0" inconclusive="0" passedButRunAborted="0" notRunnable="0" notExecuted="0" disconnected="0" warning="0" passed="0" completed="0" inProgress="0" pending="0" />
  </ResultSummary>
  <TestDefinitions>
    <UnitTest name="solveDefaultTest" storage="c:\users\juan\documents\visual studio 2010\projects\topcoderpracticemarketing\topcoderpracticemaketing\testproject1\bin\debug\testproject1.dll" id="efc3b54a-f9fa-a082-2250-f43764ee8d1b">
      <Execution id="f0e3be78-30aa-4091-a8c0-ad5519be1f35" />
      <TestMethod codeBase="C:/Users/Juan/Documents/Visual Studio 2010/Projects/topCoderPracticeMarketing/topCoderPracticeMaketing/TestProject1/bin/Debug/TestProject1.DLL" adapterTypeName="Microsoft.VisualStudio.TestTools.TestTypes.Unit.UnitTestAdapter, Microsoft.VisualStudio.QualityTools.Tips.UnitTest.Adapter, Version=10.0.0.0, Culture=neutral, PublicKeyToken=b03f5f7f11d50a3a" className="TestProject1.SolverTest, TestProject1, Version=1.0.0.0, Culture=neutral, PublicKeyToken=null" name="solveDefaultTest" />
    </UnitTest>
  </TestDefinitions>
  <TestLists>
    <TestList name="Results Not in a List" id="8c84fa94-04c1-424b-9868-57a2d4851a1d" />
    <TestList name="All Loaded Results" id="19431567-8539-422a-85d7-44ee4e166bda" />
  </TestLists>
  <TestEntries>
    <TestEntry testId="efc3b54a-f9fa-a082-2250-f43764ee8d1b" executionId="f0e3be78-30aa-4091-a8c0-ad5519be1f35" testListId="8c84fa94-04c1-424b-9868-57a2d4851a1d" />
  </TestEntries>
  <Results>
    <UnitTestResult executionId="f0e3be78-30aa-4091-a8c0-ad5519be1f35" testId="efc3b54a-f9fa-a082-2250-f43764ee8d1b" testName="solveDefaultTest" computerName="CARMEN-PC" duration="00:00:00.1415572" startTime="2014-11-14T23:49:42.6964266-05:00" endTime="2014-11-14T23:49:43.2734596-05:00" testType="13cdc9d9-ddb5-4fa4-a97d-d965ccfc6d4b" outcome="Failed" testListId="8c84fa94-04c1-424b-9868-57a2d4851a1d" relativeResultsDirectory="f0e3be78-30aa-4091-a8c0-ad5519be1f35">
      <Output>
        <ErrorInfo>
          <Message>Assert.AreEqual failed. Expected:&lt;-1&gt;. Actual:&lt;2&gt;. </Message>
          <StackTrace>   at TestProject1.SolverTest.solveDefaultTest() in C:\Users\Juan\Documents\Visual Studio 2010\Projects\topCoderPracticeMarketing\topCoderPracticeMaketing\TestProject1\SolverTest.cs:line 261
</StackTrace>
        </ErrorInfo>
      </Output>
    </UnitTestResult>
  </Results>
</TestRun>