<?xml version="1.0" encoding="UTF-8"?>
<TestRun id="9c477c0f-1acf-4443-91c0-2b65ba343659" name="Juan@CARMEN-PC 2014-11-14 22:49:10" runUser="Carmen-PC\Juan" xmlns="http://microsoft.com/schemas/VisualStudio/TeamTest/2010">
  <TestSettings name="Local" id="6cc9f80f-8da3-4d6e-8519-ba94529b53ec">
    <Description>These are default test settings for a local test run.</Description>
    <Deployment enabled="false" runDeploymentRoot="Juan_CARMEN-PC 2014-11-14 22_49_10">
      <DeploymentItem filename="C:\Users\Juan\Documents\Visual Studio 2010\Projects\topCoderPracticeMarketing\topCoderPracticeMaketing\topCoderPracticeMarketing\bin\Debug\topCoderPracticeMarketing.exe" />
    </Deployment>
    <Execution>
      <TestTypeSpecific />
      <AgentRule name="Execution Agents">
      </AgentRule>
    </Execution>
  </TestSettings>
  <Times creation="2014-11-14T22:49:10.3436679-05:00" queuing="2014-11-14T22:49:10.3606689-05:00" start="2014-11-14T22:49:10.3786699-05:00" finish="2014-11-14T22:49:11.0157063-05:00" />
  <ResultSummary outcome="Failed">
    <Counters total="1" executed="1" error="0" failed="1" timeout="0" aborted="0" inconclusive="0" passedButRunAborted="0" notRunnable="0" notExecuted="0" disconnected="0" warning="0" passed="0" completed="0" inProgress="0" pending="0" />
  </ResultSummary>
  <TestDefinitions>
    <UnitTest name="splitArrayTestDefault" storage="c:\users\juan\documents\visual studio 2010\projects\topcoderpracticemarketing\topcoderpracticemaketing\testproject1\bin\debug\testproject1.dll" id="5be70b10-a31b-d48b-2222-18b81a69d3bc">
      <Execution id="e7b0465c-f536-4635-b787-a7575845dd43" />
      <TestMethod codeBase="C:/Users/Juan/Documents/Visual Studio 2010/Projects/topCoderPracticeMarketing/topCoderPracticeMaketing/TestProject1/bin/Debug/TestProject1.DLL" adapterTypeName="Microsoft.VisualStudio.TestTools.TestTypes.Unit.UnitTestAdapter, Microsoft.VisualStudio.QualityTools.Tips.UnitTest.Adapter, Version=10.0.0.0, Culture=neutral, PublicKeyToken=b03f5f7f11d50a3a" className="TestProject1.StringLoaderTest, TestProject1, Version=1.0.0.0, Culture=neutral, PublicKeyToken=null" name="splitArrayTestDefault" />
    </UnitTest>
  </TestDefinitions>
  <TestLists>
    <TestList name="Results Not in a List" id="8c84fa94-04c1-424b-9868-57a2d4851a1d" />
    <TestList name="All Loaded Results" id="19431567-8539-422a-85d7-44ee4e166bda" />
  </TestLists>
  <TestEntries>
    <TestEntry testId="5be70b10-a31b-d48b-2222-18b81a69d3bc" executionId="e7b0465c-f536-4635-b787-a7575845dd43" testListId="8c84fa94-04c1-424b-9868-57a2d4851a1d" />
  </TestEntries>
  <Results>
    <UnitTestResult executionId="e7b0465c-f536-4635-b787-a7575845dd43" testId="5be70b10-a31b-d48b-2222-18b81a69d3bc" testName="splitArrayTestDefault" computerName="CARMEN-PC" duration="00:00:00.0687938" startTime="2014-11-14T22:49:10.4276727-05:00" endTime="2014-11-14T22:49:10.9797043-05:00" testType="13cdc9d9-ddb5-4fa4-a97d-d965ccfc6d4b" outcome="Failed" testListId="8c84fa94-04c1-424b-9868-57a2d4851a1d" relativeResultsDirectory="e7b0465c-f536-4635-b787-a7575845dd43">
      <Output>
        <ErrorInfo>
          <Message>Assert.IsTrue failed. </Message>
          <StackTrace>   at TestProject1.StringLoaderTest.splitArrayTestDefault() in C:\Users\Juan\Documents\Visual Studio 2010\Projects\topCoderPracticeMarketing\topCoderPracticeMaketing\TestProject1\StringLoaderTest.cs:line 108
</StackTrace>
        </ErrorInfo>
      </Output>
    </UnitTestResult>
  </Results>
</TestRun>