<?xml version="1.0" encoding="UTF-8"?>
<TestRun id="12579c9c-8b35-4d33-a123-57eab77e92a6" name="Juan@CARMEN-PC 2014-11-14 23:38:00" runUser="Carmen-PC\Juan" xmlns="http://microsoft.com/schemas/VisualStudio/TeamTest/2010">
  <TestSettings name="Local" id="6cc9f80f-8da3-4d6e-8519-ba94529b53ec">
    <Description>These are default test settings for a local test run.</Description>
    <Deployment enabled="false" runDeploymentRoot="Juan_CARMEN-PC 2014-11-14 23_38_00">
      <DeploymentItem filename="C:\Users\Juan\Documents\Visual Studio 2010\Projects\topCoderPracticeMarketing\topCoderPracticeMaketing\topCoderPracticeMarketing\bin\Debug\topCoderPracticeMarketing.exe" />
    </Deployment>
    <Execution>
      <TestTypeSpecific />
      <AgentRule name="Execution Agents">
      </AgentRule>
    </Execution>
  </TestSettings>
  <Times creation="2014-11-14T23:38:00.0592380-05:00" queuing="2014-11-14T23:38:00.0902398-05:00" start="2014-11-14T23:38:00.1672442-05:00" finish="2014-11-14T23:38:00.7762790-05:00" />
  <ResultSummary outcome="Completed">
    <Counters total="1" executed="1" passed="1" error="0" failed="0" timeout="0" aborted="0" inconclusive="0" passedButRunAborted="0" notRunnable="0" notExecuted="0" disconnected="0" warning="0" completed="0" inProgress="0" pending="0" />
    <RunInfos>
      <RunInfo computerName="CARMEN-PC" outcome="Warning" timestamp="2014-11-14T23:38:00.7852796-05:00">
        <Text>Could not obtain result files from 'C:\Users\Juan\Documents\Visual Studio 2010\Projects\topCoderPracticeMarketing\topCoderPracticeMaketing\TestResults\Juan_CARMEN-PC 2014-11-14 23_38_00\In'.</Text>
        <Exception>System.UnauthorizedAccessException: Access to the path 'C:\Users\Juan\Documents\Visual Studio 2010\Projects\topCoderPracticeMarketing\topCoderPracticeMaketing\TestResults\Juan_CARMEN-PC 2014-11-14 23_38_00\In' is denied.
   at System.IO.__Error.WinIOError(Int32 errorCode, String maybeFullPath)
   at System.IO.FileSystemEnumerableIterator`1.CommonInit()
   at System.IO.FileSystemEnumerableIterator`1..ctor(String path, String originalUserPath, String searchPattern, SearchOption searchOption, SearchResultHandler`1 resultHandler, Boolean checkHost)
   at System.IO.Directory.GetFileSystemEntries(String path)
   at Microsoft.VisualStudio.TestTools.Common.DirectoryTree.get_IsEmpty()
   at Microsoft.VisualStudio.TestTools.TestManagement.Tmi.UpdateTestRunAndTestCaseResults(TestRun testRun)</Exception>
      </RunInfo>
    </RunInfos>
  </ResultSummary>
  <TestDefinitions>
    <UnitTest name="countNonConflictsTest2" storage="c:\users\juan\documents\visual studio 2010\projects\topcoderpracticemarketing\topcoderpracticemaketing\testproject1\bin\debug\testproject1.dll" id="48f73c7b-d5f7-c360-7f01-c4f3c7d5fcfd">
      <Execution id="905d6752-f3d3-42e8-8106-032a6e691cf1" />
      <TestMethod codeBase="C:/Users/Juan/Documents/Visual Studio 2010/Projects/topCoderPracticeMarketing/topCoderPracticeMaketing/TestProject1/bin/Debug/TestProject1.DLL" adapterTypeName="Microsoft.VisualStudio.TestTools.TestTypes.Unit.UnitTestAdapter, Microsoft.VisualStudio.QualityTools.Tips.UnitTest.Adapter, Version=10.0.0.0, Culture=neutral, PublicKeyToken=b03f5f7f11d50a3a" className="TestProject1.SolverTest, TestProject1, Version=1.0.0.0, Culture=neutral, PublicKeyToken=null" name="countNonConflictsTest2" />
    </UnitTest>
  </TestDefinitions>
  <TestLists>
    <TestList name="Results Not in a List" id="8c84fa94-04c1-424b-9868-57a2d4851a1d" />
    <TestList name="All Loaded Results" id="19431567-8539-422a-85d7-44ee4e166bda" />
  </TestLists>
  <TestEntries>
    <TestEntry testId="48f73c7b-d5f7-c360-7f01-c4f3c7d5fcfd" executionId="905d6752-f3d3-42e8-8106-032a6e691cf1" testListId="8c84fa94-04c1-424b-9868-57a2d4851a1d" />
  </TestEntries>
  <Results>
    <UnitTestResult executionId="905d6752-f3d3-42e8-8106-032a6e691cf1" testId="48f73c7b-d5f7-c360-7f01-c4f3c7d5fcfd" testName="countNonConflictsTest2" computerName="CARMEN-PC" duration="00:00:00.0373540" startTime="2014-11-14T23:38:00.2062464-05:00" endTime="2014-11-14T23:38:00.6502718-05:00" testType="13cdc9d9-ddb5-4fa4-a97d-d965ccfc6d4b" outcome="Passed" testListId="8c84fa94-04c1-424b-9868-57a2d4851a1d" relativeResultsDirectory="905d6752-f3d3-42e8-8106-032a6e691cf1">
    </UnitTestResult>
  </Results>
</TestRun>