<?xml version="1.0" encoding="UTF-8"?>
<TestRun id="c1a328ca-aa4f-4287-b764-a8b8392feafe" name="Juan@CARMEN-PC 2014-11-14 23:37:26" runUser="Carmen-PC\Juan" xmlns="http://microsoft.com/schemas/VisualStudio/TeamTest/2010">
  <TestSettings name="Local" id="6cc9f80f-8da3-4d6e-8519-ba94529b53ec">
    <Description>These are default test settings for a local test run.</Description>
    <Deployment enabled="false" runDeploymentRoot="Juan_CARMEN-PC 2014-11-14 23_37_26">
      <DeploymentItem filename="C:\Users\Juan\Documents\Visual Studio 2010\Projects\topCoderPracticeMarketing\topCoderPracticeMaketing\topCoderPracticeMarketing\bin\Debug\topCoderPracticeMarketing.exe" />
    </Deployment>
    <Execution>
      <TestTypeSpecific />
      <AgentRule name="Execution Agents">
      </AgentRule>
    </Execution>
  </TestSettings>
  <Times creation="2014-11-14T23:37:26.5963241-05:00" queuing="2014-11-14T23:37:26.6873293-05:00" start="2014-11-14T23:37:26.7033302-05:00" finish="2014-11-14T23:37:27.3123650-05:00" />
  <ResultSummary outcome="Completed">
    <Counters total="1" executed="1" passed="1" error="0" failed="0" timeout="0" aborted="0" inconclusive="0" passedButRunAborted="0" notRunnable="0" notExecuted="0" disconnected="0" warning="0" completed="0" inProgress="0" pending="0" />
  </ResultSummary>
  <TestDefinitions>
    <UnitTest name="countNonConflictsTest1" storage="c:\users\juan\documents\visual studio 2010\projects\topcoderpracticemarketing\topcoderpracticemaketing\testproject1\bin\debug\testproject1.dll" id="c5da960a-c0b3-8413-f0fc-6361718dcbe5">
      <Execution id="f73cf664-33f9-41a6-be2a-8eed77cef86b" />
      <TestMethod codeBase="C:/Users/Juan/Documents/Visual Studio 2010/Projects/topCoderPracticeMarketing/topCoderPracticeMaketing/TestProject1/bin/Debug/TestProject1.DLL" adapterTypeName="Microsoft.VisualStudio.TestTools.TestTypes.Unit.UnitTestAdapter, Microsoft.VisualStudio.QualityTools.Tips.UnitTest.Adapter, Version=10.0.0.0, Culture=neutral, PublicKeyToken=b03f5f7f11d50a3a" className="TestProject1.SolverTest, TestProject1, Version=1.0.0.0, Culture=neutral, PublicKeyToken=null" name="countNonConflictsTest1" />
    </UnitTest>
  </TestDefinitions>
  <TestLists>
    <TestList name="Results Not in a List" id="8c84fa94-04c1-424b-9868-57a2d4851a1d" />
    <TestList name="All Loaded Results" id="19431567-8539-422a-85d7-44ee4e166bda" />
  </TestLists>
  <TestEntries>
    <TestEntry testId="c5da960a-c0b3-8413-f0fc-6361718dcbe5" executionId="f73cf664-33f9-41a6-be2a-8eed77cef86b" testListId="8c84fa94-04c1-424b-9868-57a2d4851a1d" />
  </TestEntries>
  <Results>
    <UnitTestResult executionId="f73cf664-33f9-41a6-be2a-8eed77cef86b" testId="c5da960a-c0b3-8413-f0fc-6361718dcbe5" testName="countNonConflictsTest1" computerName="CARMEN-PC" duration="00:00:00.0560283" startTime="2014-11-14T23:37:26.8293374-05:00" endTime="2014-11-14T23:37:27.2843634-05:00" testType="13cdc9d9-ddb5-4fa4-a97d-d965ccfc6d4b" outcome="Passed" testListId="8c84fa94-04c1-424b-9868-57a2d4851a1d" relativeResultsDirectory="f73cf664-33f9-41a6-be2a-8eed77cef86b">
    </UnitTestResult>
  </Results>
</TestRun>