<?xml version="1.0" encoding="UTF-8"?>
<TestRun id="06ca3f06-77fa-4874-ac95-810ef2d63a36" name="Juan@CARMEN-PC 2014-11-14 23:41:07" runUser="Carmen-PC\Juan" xmlns="http://microsoft.com/schemas/VisualStudio/TeamTest/2010">
  <TestSettings name="Local" id="6cc9f80f-8da3-4d6e-8519-ba94529b53ec">
    <Description>These are default test settings for a local test run.</Description>
    <Deployment enabled="false" runDeploymentRoot="Juan_CARMEN-PC 2014-11-14 23_41_07">
      <DeploymentItem filename="C:\Users\Juan\Documents\Visual Studio 2010\Projects\topCoderPracticeMarketing\topCoderPracticeMaketing\topCoderPracticeMarketing\bin\Debug\topCoderPracticeMarketing.exe" />
    </Deployment>
    <Execution>
      <TestTypeSpecific />
      <AgentRule name="Execution Agents">
      </AgentRule>
    </Execution>
  </TestSettings>
  <Times creation="2014-11-14T23:41:07.0559336-05:00" queuing="2014-11-14T23:41:07.0999362-05:00" start="2014-11-14T23:41:07.1369383-05:00" finish="2014-11-14T23:41:08.0759920-05:00" />
  <ResultSummary outcome="Failed">
    <Counters total="1" executed="1" error="0" failed="1" timeout="0" aborted="0" inconclusive="0" passedButRunAborted="0" notRunnable="0" notExecuted="0" disconnected="0" warning="0" passed="0" completed="0" inProgress="0" pending="0" />
  </ResultSummary>
  <TestDefinitions>
    <UnitTest name="countNonConflictsTest4" storage="c:\users\juan\documents\visual studio 2010\projects\topcoderpracticemarketing\topcoderpracticemaketing\testproject1\bin\debug\testproject1.dll" id="ec3ec4f3-e0f5-da26-469c-2573ace885f9">
      <Execution id="d283acc1-285a-435c-888c-1ad034414535" />
      <TestMethod codeBase="C:/Users/Juan/Documents/Visual Studio 2010/Projects/topCoderPracticeMarketing/topCoderPracticeMaketing/TestProject1/bin/Debug/TestProject1.DLL" adapterTypeName="Microsoft.VisualStudio.TestTools.TestTypes.Unit.UnitTestAdapter, Microsoft.VisualStudio.QualityTools.Tips.UnitTest.Adapter, Version=10.0.0.0, Culture=neutral, PublicKeyToken=b03f5f7f11d50a3a" className="TestProject1.SolverTest, TestProject1, Version=1.0.0.0, Culture=neutral, PublicKeyToken=null" name="countNonConflictsTest4" />
    </UnitTest>
  </TestDefinitions>
  <TestLists>
    <TestList name="Results Not in a List" id="8c84fa94-04c1-424b-9868-57a2d4851a1d" />
    <TestList name="All Loaded Results" id="19431567-8539-422a-85d7-44ee4e166bda" />
  </TestLists>
  <TestEntries>
    <TestEntry testId="ec3ec4f3-e0f5-da26-469c-2573ace885f9" executionId="d283acc1-285a-435c-888c-1ad034414535" testListId="8c84fa94-04c1-424b-9868-57a2d4851a1d" />
  </TestEntries>
  <Results>
    <UnitTestResult executionId="d283acc1-285a-435c-888c-1ad034414535" testId="ec3ec4f3-e0f5-da26-469c-2573ace885f9" testName="countNonConflictsTest4" computerName="CARMEN-PC" duration="00:00:00.1234277" startTime="2014-11-14T23:41:07.2569451-05:00" endTime="2014-11-14T23:41:07.9819866-05:00" testType="13cdc9d9-ddb5-4fa4-a97d-d965ccfc6d4b" outcome="Failed" testListId="8c84fa94-04c1-424b-9868-57a2d4851a1d" relativeResultsDirectory="d283acc1-285a-435c-888c-1ad034414535">
      <Output>
        <ErrorInfo>
          <Message>Assert.AreNotEqual failed. Expected any value except:&lt;1&gt;. Actual:&lt;1&gt;. </Message>
          <StackTrace>   at TestProject1.SolverTest.countNonConflictsTest4() in C:\Users\Juan\Documents\Visual Studio 2010\Projects\topCoderPracticeMarketing\topCoderPracticeMaketing\TestProject1\SolverTest.cs:line 200
</StackTrace>
        </ErrorInfo>
      </Output>
    </UnitTestResult>
  </Results>
</TestRun>