<?xml version="1.0" encoding="UTF-8"?>
<TestRun id="d3793da6-682e-45dc-b381-67e201c923e8" name="Juan@CARMEN-PC 2014-11-14 22:29:15" runUser="Carmen-PC\Juan" xmlns="http://microsoft.com/schemas/VisualStudio/TeamTest/2010">
  <TestSettings name="Local" id="6cc9f80f-8da3-4d6e-8519-ba94529b53ec">
    <Description>These are default test settings for a local test run.</Description>
    <Deployment enabled="false" runDeploymentRoot="Juan_CARMEN-PC 2014-11-14 22_29_15">
      <DeploymentItem filename="C:\Users\Juan\Documents\Visual Studio 2010\Projects\topCoderPracticeMarketing\topCoderPracticeMaketing\topCoderPracticeMarketing\bin\Debug\topCoderPracticeMarketing.exe" />
    </Deployment>
    <Execution>
      <TestTypeSpecific />
      <AgentRule name="Execution Agents">
      </AgentRule>
    </Execution>
  </TestSettings>
  <Times creation="2014-11-14T22:29:15.3523183-05:00" queuing="2014-11-14T22:29:15.3673192-05:00" start="2014-11-14T22:29:15.4443236-05:00" finish="2014-11-14T22:29:16.1563643-05:00" />
  <ResultSummary outcome="Failed">
    <Counters total="1" executed="1" error="0" failed="1" timeout="0" aborted="0" inconclusive="0" passedButRunAborted="0" notRunnable="0" notExecuted="0" disconnected="0" warning="0" passed="0" completed="0" inProgress="0" pending="0" />
  </ResultSummary>
  <TestDefinitions>
    <UnitTest name="loadDataAsBooleanData1Test" storage="c:\users\juan\documents\visual studio 2010\projects\topcoderpracticemarketing\topcoderpracticemaketing\testproject1\bin\debug\testproject1.dll" id="42316310-4e38-5929-f05b-d2d276e297d3">
      <Execution id="c262ccfd-c5a3-4b26-bf05-f49e7234e47e" />
      <TestMethod codeBase="C:/Users/Juan/Documents/Visual Studio 2010/Projects/topCoderPracticeMarketing/topCoderPracticeMaketing/TestProject1/bin/Debug/TestProject1.DLL" adapterTypeName="Microsoft.VisualStudio.TestTools.TestTypes.Unit.UnitTestAdapter, Microsoft.VisualStudio.QualityTools.Tips.UnitTest.Adapter, Version=10.0.0.0, Culture=neutral, PublicKeyToken=b03f5f7f11d50a3a" className="TestProject1.StringLoaderTest, TestProject1, Version=1.0.0.0, Culture=neutral, PublicKeyToken=null" name="loadDataAsBooleanData1Test" />
    </UnitTest>
  </TestDefinitions>
  <TestLists>
    <TestList name="Results Not in a List" id="8c84fa94-04c1-424b-9868-57a2d4851a1d" />
    <TestList name="All Loaded Results" id="19431567-8539-422a-85d7-44ee4e166bda" />
  </TestLists>
  <TestEntries>
    <TestEntry testId="42316310-4e38-5929-f05b-d2d276e297d3" executionId="c262ccfd-c5a3-4b26-bf05-f49e7234e47e" testListId="8c84fa94-04c1-424b-9868-57a2d4851a1d" />
  </TestEntries>
  <Results>
    <UnitTestResult executionId="c262ccfd-c5a3-4b26-bf05-f49e7234e47e" testId="42316310-4e38-5929-f05b-d2d276e297d3" testName="loadDataAsBooleanData1Test" computerName="CARMEN-PC" duration="00:00:00.1925901" startTime="2014-11-14T22:29:15.4843258-05:00" endTime="2014-11-14T22:29:16.0403576-05:00" testType="13cdc9d9-ddb5-4fa4-a97d-d965ccfc6d4b" outcome="Failed" testListId="8c84fa94-04c1-424b-9868-57a2d4851a1d" relativeResultsDirectory="c262ccfd-c5a3-4b26-bf05-f49e7234e47e">
      <Output>
        <ErrorInfo>
          <Message>Test method TestProject1.StringLoaderTest.loadDataAsBooleanData1Test threw exception: 
System.FormatException: Input string was not in a correct format.</Message>
          <StackTrace>    at System.Number.StringToNumber(String str, NumberStyles options, NumberBuffer&amp; number, NumberFormatInfo info, Boolean parseDecimal)
   at System.Number.ParseInt32(String s, NumberStyles style, NumberFormatInfo info)
   at System.Int32.Parse(String s)
   at topCoderPracticeMarketing.StringLoader.loadDataAsBooleans(String[] data) in C:\Users\Juan\Documents\Visual Studio 2010\Projects\topCoderPracticeMarketing\topCoderPracticeMaketing\topCoderPracticeMarketing\StringLoader.cs:line 29
   at TestProject1.StringLoaderTest.loadDataAsBooleanData1Test() in C:\Users\Juan\Documents\Visual Studio 2010\Projects\topCoderPracticeMarketing\topCoderPracticeMaketing\TestProject1\StringLoaderTest.cs:line 88
</StackTrace>
        </ErrorInfo>
      </Output>
    </UnitTestResult>
  </Results>
</TestRun>