<?xml version="1.0" encoding="UTF-8"?>
<TestRun id="d8b92f43-50a4-473f-a1bb-c24fca2cc69c" name="Juan@CARMEN-PC 2014-11-14 22:37:52" runUser="Carmen-PC\Juan" xmlns="http://microsoft.com/schemas/VisualStudio/TeamTest/2010">
  <TestSettings name="Local" id="6cc9f80f-8da3-4d6e-8519-ba94529b53ec">
    <Description>These are default test settings for a local test run.</Description>
    <Deployment enabled="false" runDeploymentRoot="Juan_CARMEN-PC 2014-11-14 22_37_52">
      <DeploymentItem filename="C:\Users\Juan\Documents\Visual Studio 2010\Projects\topCoderPracticeMarketing\topCoderPracticeMaketing\topCoderPracticeMarketing\bin\Debug\topCoderPracticeMarketing.exe" />
    </Deployment>
    <Execution>
      <TestTypeSpecific />
      <AgentRule name="Execution Agents">
      </AgentRule>
    </Execution>
  </TestSettings>
  <Times creation="2014-11-14T22:37:52.4488945-05:00" queuing="2014-11-14T22:37:52.4928970-05:00" start="2014-11-14T22:37:52.5128982-05:00" finish="2014-11-14T22:37:53.3049435-05:00" />
  <ResultSummary outcome="Failed">
    <Counters total="1" executed="1" error="0" failed="1" timeout="0" aborted="0" inconclusive="0" passedButRunAborted="0" notRunnable="0" notExecuted="0" disconnected="0" warning="0" passed="0" completed="0" inProgress="0" pending="0" />
  </ResultSummary>
  <TestDefinitions>
    <UnitTest name="getGridDimTwoTest" storage="c:\users\juan\documents\visual studio 2010\projects\topcoderpracticemarketing\topcoderpracticemaketing\testproject1\bin\debug\testproject1.dll" id="822a8aa7-02a5-1a2d-6591-956e8089919c">
      <Execution id="8b77a5cd-3157-421c-b53d-effb2e1685d6" />
      <TestMethod codeBase="C:/Users/Juan/Documents/Visual Studio 2010/Projects/topCoderPracticeMarketing/topCoderPracticeMaketing/TestProject1/bin/Debug/TestProject1.DLL" adapterTypeName="Microsoft.VisualStudio.TestTools.TestTypes.Unit.UnitTestAdapter, Microsoft.VisualStudio.QualityTools.Tips.UnitTest.Adapter, Version=10.0.0.0, Culture=neutral, PublicKeyToken=b03f5f7f11d50a3a" className="TestProject1.StringLoaderTest, TestProject1, Version=1.0.0.0, Culture=neutral, PublicKeyToken=null" name="getGridDimTwoTest" />
    </UnitTest>
  </TestDefinitions>
  <TestLists>
    <TestList name="Results Not in a List" id="8c84fa94-04c1-424b-9868-57a2d4851a1d" />
    <TestList name="All Loaded Results" id="19431567-8539-422a-85d7-44ee4e166bda" />
  </TestLists>
  <TestEntries>
    <TestEntry testId="822a8aa7-02a5-1a2d-6591-956e8089919c" executionId="8b77a5cd-3157-421c-b53d-effb2e1685d6" testListId="8c84fa94-04c1-424b-9868-57a2d4851a1d" />
  </TestEntries>
  <Results>
    <UnitTestResult executionId="8b77a5cd-3157-421c-b53d-effb2e1685d6" testId="822a8aa7-02a5-1a2d-6591-956e8089919c" testName="getGridDimTwoTest" computerName="CARMEN-PC" duration="00:00:00.0996535" startTime="2014-11-14T22:37:52.6209044-05:00" endTime="2014-11-14T22:37:53.2599409-05:00" testType="13cdc9d9-ddb5-4fa4-a97d-d965ccfc6d4b" outcome="Failed" testListId="8c84fa94-04c1-424b-9868-57a2d4851a1d" relativeResultsDirectory="8b77a5cd-3157-421c-b53d-effb2e1685d6">
      <Output>
        <ErrorInfo>
          <Message>Test method TestProject1.StringLoaderTest.getGridDimTwoTest threw exception: 
System.IndexOutOfRangeException: Index was outside the bounds of the array.</Message>
          <StackTrace>    at TestProject1.StringLoaderTest.areArraysEqual(Boolean[,] array1, Boolean[,] array2) in C:\Users\Juan\Documents\Visual Studio 2010\Projects\topCoderPracticeMarketing\topCoderPracticeMaketing\TestProject1\StringLoaderTest.cs:line 142
   at TestProject1.StringLoaderTest.getGridDimTwoTest() in C:\Users\Juan\Documents\Visual Studio 2010\Projects\topCoderPracticeMarketing\topCoderPracticeMaketing\TestProject1\StringLoaderTest.cs:line 94
</StackTrace>
        </ErrorInfo>
      </Output>
    </UnitTestResult>
  </Results>
</TestRun>