<?xml version="1.0" encoding="UTF-8"?>
<TestRun id="b1dd2e4b-b27e-472a-8073-d74f360fa9b9" name="Juan@CARMEN-PC 2014-11-14 23:07:46" runUser="Carmen-PC\Juan" xmlns="http://microsoft.com/schemas/VisualStudio/TeamTest/2010">
  <TestSettings name="Local" id="6cc9f80f-8da3-4d6e-8519-ba94529b53ec">
    <Description>These are default test settings for a local test run.</Description>
    <Deployment enabled="false" runDeploymentRoot="Juan_CARMEN-PC 2014-11-14 23_07_46">
      <DeploymentItem filename="C:\Users\Juan\Documents\Visual Studio 2010\Projects\topCoderPracticeMarketing\topCoderPracticeMaketing\topCoderPracticeMarketing\bin\Debug\topCoderPracticeMarketing.exe" />
    </Deployment>
    <Execution>
      <TestTypeSpecific />
      <AgentRule name="Execution Agents">
      </AgentRule>
    </Execution>
  </TestSettings>
  <Times creation="2014-11-14T23:07:46.4715068-05:00" queuing="2014-11-14T23:07:46.5035086-05:00" start="2014-11-14T23:07:46.5195095-05:00" finish="2014-11-14T23:07:47.1115434-05:00" />
  <ResultSummary outcome="Completed">
    <Counters total="1" executed="1" passed="1" error="0" failed="0" timeout="0" aborted="0" inconclusive="0" passedButRunAborted="0" notRunnable="0" notExecuted="0" disconnected="0" warning="0" completed="0" inProgress="0" pending="0" />
  </ResultSummary>
  <TestDefinitions>
    <UnitTest name="expectedLengthTest1" storage="c:\users\juan\documents\visual studio 2010\projects\topcoderpracticemarketing\topcoderpracticemaketing\testproject1\bin\debug\testproject1.dll" id="144e63d7-ce7b-24ab-bfa7-7e1eabb0f455">
      <Execution id="c52f9b28-5c0c-4bf1-bd86-7d63f2c38255" />
      <TestMethod codeBase="C:/Users/Juan/Documents/Visual Studio 2010/Projects/topCoderPracticeMarketing/topCoderPracticeMaketing/TestProject1/bin/Debug/TestProject1.DLL" adapterTypeName="Microsoft.VisualStudio.TestTools.TestTypes.Unit.UnitTestAdapter, Microsoft.VisualStudio.QualityTools.Tips.UnitTest.Adapter, Version=10.0.0.0, Culture=neutral, PublicKeyToken=b03f5f7f11d50a3a" className="TestProject1.StringLoaderTest, TestProject1, Version=1.0.0.0, Culture=neutral, PublicKeyToken=null" name="expectedLengthTest1" />
    </UnitTest>
  </TestDefinitions>
  <TestLists>
    <TestList name="Results Not in a List" id="8c84fa94-04c1-424b-9868-57a2d4851a1d" />
    <TestList name="All Loaded Results" id="19431567-8539-422a-85d7-44ee4e166bda" />
  </TestLists>
  <TestEntries>
    <TestEntry testId="144e63d7-ce7b-24ab-bfa7-7e1eabb0f455" executionId="c52f9b28-5c0c-4bf1-bd86-7d63f2c38255" testListId="8c84fa94-04c1-424b-9868-57a2d4851a1d" />
  </TestEntries>
  <Results>
    <UnitTestResult executionId="c52f9b28-5c0c-4bf1-bd86-7d63f2c38255" testId="144e63d7-ce7b-24ab-bfa7-7e1eabb0f455" testName="expectedLengthTest1" computerName="CARMEN-PC" duration="00:00:00.0377141" startTime="2014-11-14T23:07:46.5985140-05:00" endTime="2014-11-14T23:07:47.0735412-05:00" testType="13cdc9d9-ddb5-4fa4-a97d-d965ccfc6d4b" outcome="Passed" testListId="8c84fa94-04c1-424b-9868-57a2d4851a1d" relativeResultsDirectory="c52f9b28-5c0c-4bf1-bd86-7d63f2c38255">
    </UnitTestResult>
  </Results>
</TestRun>